<?xml version="1.0" encoding="UTF-8"?>
<testng-results ignored="0" total="1" passed="1" failed="0" skipped="0">
  <reporter-output>
  </reporter-output>
  <suite started-at="2024-07-22T09:20:51 MSK" name="Surefire suite" finished-at="2024-07-22T09:20:51 MSK" duration-ms="142">
    <groups>
    </groups>
    <test started-at="2024-07-22T09:20:51 MSK" name="Surefire test" finished-at="2024-07-22T09:20:51 MSK" duration-ms="142">
      <class name="ru.skillfactory.qajava.AppTest">
        <test-method signature="testApp()" started-at="2024-07-22T09:20:51 MSK" name="testApp" finished-at="2024-07-22T09:20:51 MSK" duration-ms="37" status="PASS">
          <reporter-output>
          </reporter-output>
        </test-method> <!-- testApp -->
      </class> <!-- ru.skillfactory.qajava.AppTest -->
    </test> <!-- Surefire test -->
  </suite> <!-- Surefire suite -->
</testng-results>
